build/app/intermediates/manifest_merge_blame_file/debug/manifest-merger-blame-debug-report.txt
1<?xml version="1.0" encoding="utf-8"?>
2<manifest xmlns:android="http://schemas.android.com/apk/res/android"
3    package="com.example.stipe_payment_demo"
4    android:versionCode="1"
5    android:versionName="1.0.0" >
6
7    <uses-sdk
8        android:minSdkVersion="20"
9        android:targetSdkVersion="28" />
10    <!--
11         Flutter needs it to communicate with the running application
12         to allow setting breakpoints, to provide hot reload, etc.
13    -->
14    <uses-permission android:name="android.permission.INTERNET" />
14-->src\debug\AndroidManifest.xml:6:5-66
14-->src\debug\AndroidManifest.xml:6:22-64
15    <!-- Include required permissions for Google Maps API to run. -->
16    <uses-permission android:name="android.permission.ACCESS_NETWORK_STATE" />
16-->[com.google.android.gms:play-services-maps:17.0.0] AndroidManifest.xml:23:5-79
16-->[com.google.android.gms:play-services-maps:17.0.0] AndroidManifest.xml:23:22-76
17
18    <uses-feature
18-->[com.google.android.gms:play-services-maps:17.0.0] AndroidManifest.xml:26:5-28:35
19        android:glEsVersion="0x00020000"
19-->[com.google.android.gms:play-services-maps:17.0.0] AndroidManifest.xml:27:9-41
20        android:required="true" />
20-->[com.google.android.gms:play-services-maps:17.0.0] AndroidManifest.xml:28:9-32
21    <!--
22 io.flutter.app.FlutterApplication is an android.app.Application that
23         calls FlutterMain.startInitialization(this); in its onCreate method.
24         In most cases you can leave this as-is, but you if you want to provide
25         additional functionality it is fine to subclass or reimplement
26         FlutterApplication and put your custom class here.
27    -->
28    <application
28-->src\main\AndroidManifest.xml:8:5-46:19
29        android:name="io.flutter.app.FlutterApplication"
29-->src\main\AndroidManifest.xml:9:9-57
30        android:appComponentFactory="androidx.core.app.CoreComponentFactory"
30-->[androidx.core:core:1.1.0] AndroidManifest.xml:24:18-86
31        android:debuggable="true"
32        android:icon="@mipmap/ic_launcher"
32-->src\main\AndroidManifest.xml:11:9-43
33        android:label="stipe_payment_demo"
33-->src\main\AndroidManifest.xml:10:9-43
34        android:theme="@style/Theme.AppCompat.Light.NoActionBar" >
34-->[:stripe_payment] AndroidManifest.xml:11:18-74
35        <activity
35-->src\main\AndroidManifest.xml:12:9-40:20
36            android:name="com.example.stipe_payment_demo.MainActivity"
36-->src\main\AndroidManifest.xml:13:13-41
37            android:configChanges="orientation|keyboardHidden|keyboard|screenSize|smallestScreenSize|locale|layoutDirection|fontScale|screenLayout|density|uiMode"
37-->src\main\AndroidManifest.xml:16:13-163
38            android:hardwareAccelerated="true"
38-->src\main\AndroidManifest.xml:17:13-47
39            android:launchMode="singleTop"
39-->src\main\AndroidManifest.xml:14:13-43
40            android:theme="@style/LaunchTheme"
40-->src\main\AndroidManifest.xml:15:13-47
41            android:windowSoftInputMode="adjustResize" >
41-->src\main\AndroidManifest.xml:18:13-55
42
43            <!--
44                 Specifies an Android theme to apply to this Activity as soon as
45                 the Android process has started. This theme is visible to the user
46                 while the Flutter UI initializes. After that, this theme continues
47                 to determine the Window background behind the Flutter UI.
48            -->
49            <meta-data
49-->src\main\AndroidManifest.xml:23:13-26:17
50                android:name="io.flutter.embedding.android.NormalTheme"
50-->src\main\AndroidManifest.xml:24:15-70
51                android:resource="@style/NormalTheme" />
51-->src\main\AndroidManifest.xml:25:15-52
52            <!--
53                 Displays an Android View that continues showing the launch screen
54                 Drawable until Flutter paints its first frame, then this splash
55                 screen fades out. A splash screen is useful to avoid any visual
56                 gap between the end of Android's launch screen and the painting of
57                 Flutter's first frame.
58            -->
59            <meta-data
59-->src\main\AndroidManifest.xml:32:13-35:17
60                android:name="io.flutter.embedding.android.SplashScreenDrawable"
60-->src\main\AndroidManifest.xml:33:15-79
61                android:resource="@drawable/launch_background" />
61-->src\main\AndroidManifest.xml:34:15-61
62
63            <intent-filter>
63-->src\main\AndroidManifest.xml:36:13-39:29
64                <action android:name="android.intent.action.MAIN" />
64-->src\main\AndroidManifest.xml:37:17-68
64-->src\main\AndroidManifest.xml:37:25-66
65
66                <category android:name="android.intent.category.LAUNCHER" />
66-->src\main\AndroidManifest.xml:38:17-76
66-->src\main\AndroidManifest.xml:38:27-74
67            </intent-filter>
68        </activity>
69        <!--
70             Don't delete the meta-data below.
71             This is used by the Flutter tool to generate GeneratedPluginRegistrant.java
72        -->
73        <meta-data
73-->src\main\AndroidManifest.xml:43:9-45:33
74            android:name="flutterEmbedding"
74-->src\main\AndroidManifest.xml:44:13-44
75            android:value="2" />
75-->src\main\AndroidManifest.xml:45:13-30
76        <meta-data
76-->[:stripe_payment] AndroidManifest.xml:12:9-14:36
77            android:name="com.google.android.gms.wallet.api.enabled"
77-->[:stripe_payment] AndroidManifest.xml:13:13-69
78            android:value="true" />
78-->[:stripe_payment] AndroidManifest.xml:14:13-33
79
80        <activity
80-->[:stripe_payment] AndroidManifest.xml:16:9-20:75
81            android:name="com.gettipsi.stripe.OpenBrowserActivity"
81-->[:stripe_payment] AndroidManifest.xml:17:13-67
82            android:exported="false"
82-->[:stripe_payment] AndroidManifest.xml:18:13-37
83            android:launchMode="singleTask"
83-->[:stripe_payment] AndroidManifest.xml:19:13-44
84            android:theme="@android:style/Theme.Translucent.NoTitleBar" />
84-->[:stripe_payment] AndroidManifest.xml:20:13-72
85        <activity
85-->[:stripe_payment] AndroidManifest.xml:21:9-34:20
86            android:name="com.gettipsi.stripe.RedirectUriReceiver"
86-->[:stripe_payment] AndroidManifest.xml:22:13-67
87            android:exported="true"
87-->[:stripe_payment] AndroidManifest.xml:23:13-36
88            android:launchMode="singleTask"
88-->[:stripe_payment] AndroidManifest.xml:24:13-44
89            android:theme="@android:style/Theme.Translucent.NoTitleBar.Fullscreen" >
89-->[:stripe_payment] AndroidManifest.xml:25:13-83
90            <intent-filter>
90-->[:stripe_payment] AndroidManifest.xml:26:13-33:29
91                <action android:name="android.intent.action.VIEW" />
91-->[:stripe_payment] AndroidManifest.xml:27:17-69
91-->[:stripe_payment] AndroidManifest.xml:27:25-66
92
93                <category android:name="android.intent.category.DEFAULT" />
93-->[:stripe_payment] AndroidManifest.xml:29:17-76
93-->[:stripe_payment] AndroidManifest.xml:29:27-73
94                <category android:name="android.intent.category.BROWSABLE" />
94-->[:stripe_payment] AndroidManifest.xml:30:17-78
94-->[:stripe_payment] AndroidManifest.xml:30:27-75
95
96                <data android:scheme="example" />
96-->[:stripe_payment] AndroidManifest.xml:32:17-50
96-->[:stripe_payment] AndroidManifest.xml:32:23-47
97            </intent-filter>
98        </activity>
99        <activity
99-->[com.stripe:stripe-android:10.4.6] AndroidManifest.xml:12:9-14:57
100            android:name="com.stripe.android.view.AddPaymentMethodActivity"
100-->[com.stripe:stripe-android:10.4.6] AndroidManifest.xml:13:13-76
101            android:theme="@style/StripeDefaultTheme" />
101-->[com.stripe:stripe-android:10.4.6] AndroidManifest.xml:14:13-54
102        <activity
102-->[com.stripe:stripe-android:10.4.6] AndroidManifest.xml:15:9-17:57
103            android:name="com.stripe.android.view.PaymentMethodsActivity"
103-->[com.stripe:stripe-android:10.4.6] AndroidManifest.xml:16:13-74
104            android:theme="@style/StripeDefaultTheme" />
104-->[com.stripe:stripe-android:10.4.6] AndroidManifest.xml:17:13-54
105        <activity
105-->[com.stripe:stripe-android:10.4.6] AndroidManifest.xml:18:9-20:57
106            android:name="com.stripe.android.view.PaymentFlowActivity"
106-->[com.stripe:stripe-android:10.4.6] AndroidManifest.xml:19:13-71
107            android:theme="@style/StripeDefaultTheme" />
107-->[com.stripe:stripe-android:10.4.6] AndroidManifest.xml:20:13-54
108        <activity
108-->[com.stripe:stripe-android:10.4.6] AndroidManifest.xml:21:9-23:57
109            android:name="com.stripe.android.view.PaymentAuthWebViewActivity"
109-->[com.stripe:stripe-android:10.4.6] AndroidManifest.xml:22:13-78
110            android:theme="@style/StripeDefaultTheme" />
110-->[com.stripe:stripe-android:10.4.6] AndroidManifest.xml:23:13-54
111        <activity
111-->[com.stripe:stripe-android:10.4.6] AndroidManifest.xml:24:9-26:57
112            android:name="com.stripe.android.view.PaymentRelayActivity"
112-->[com.stripe:stripe-android:10.4.6] AndroidManifest.xml:25:13-72
113            android:theme="@style/StripeDefaultTheme" />
113-->[com.stripe:stripe-android:10.4.6] AndroidManifest.xml:26:13-54
114        <activity
114-->[com.stripe:stripe-3ds2-android:1.2.2] AndroidManifest.xml:12:9-14:54
115            android:name="com.stripe.android.stripe3ds2.views.ChallengeActivity"
115-->[com.stripe:stripe-3ds2-android:1.2.2] AndroidManifest.xml:13:13-81
116            android:theme="@style/Stripe3DS2Theme" />
116-->[com.stripe:stripe-3ds2-android:1.2.2] AndroidManifest.xml:14:13-51
117        <activity
117-->[com.stripe:stripe-3ds2-android:1.2.2] AndroidManifest.xml:15:9-17:54
118            android:name="com.stripe.android.stripe3ds2.views.ChallengeProgressDialogActivity"
118-->[com.stripe:stripe-3ds2-android:1.2.2] AndroidManifest.xml:16:13-95
119            android:theme="@style/Stripe3DS2Theme" /> <!-- Needs to be explicitly declared on P+ -->
119-->[com.stripe:stripe-3ds2-android:1.2.2] AndroidManifest.xml:17:13-51
120        <uses-library
120-->[com.google.android.gms:play-services-maps:17.0.0] AndroidManifest.xml:33:9-35:40
121            android:name="org.apache.http.legacy"
121-->[com.google.android.gms:play-services-maps:17.0.0] AndroidManifest.xml:34:13-50
122            android:required="false" />
122-->[com.google.android.gms:play-services-maps:17.0.0] AndroidManifest.xml:35:13-37
123
124        <activity
124-->[com.google.android.gms:play-services-base:17.0.0] AndroidManifest.xml:23:9-26:75
125            android:name="com.google.android.gms.common.api.GoogleApiActivity"
125-->[com.google.android.gms:play-services-base:17.0.0] AndroidManifest.xml:24:13-79
126            android:exported="false"
126-->[com.google.android.gms:play-services-base:17.0.0] AndroidManifest.xml:25:13-37
127            android:theme="@android:style/Theme.Translucent.NoTitleBar" />
127-->[com.google.android.gms:play-services-base:17.0.0] AndroidManifest.xml:26:13-72
128
129        <meta-data
129-->[com.google.android.gms:play-services-basement:17.0.0] AndroidManifest.xml:23:9-25:69
130            android:name="com.google.android.gms.version"
130-->[com.google.android.gms:play-services-basement:17.0.0] AndroidManifest.xml:24:13-58
131            android:value="@integer/google_play_services_version" />
131-->[com.google.android.gms:play-services-basement:17.0.0] AndroidManifest.xml:25:13-66
132    </application>
133
134</manifest>